<?xml version="1.0" encoding="UTF-8"?>
<!-- Generated by org.testng.reporters.JUnitXMLReporter -->
<testsuite ignored="0" hostname="Zeeshan-PC" failures="0" tests="5" name="Default test" time="27.001" errors="0" timestamp="2021-12-28T22:22:10 GMT+05:00">
  <testcase classname="empg_labs.assessment.AssesmentOLX" name="verifyURL" time="0.017"/>
  <testcase classname="empg_labs.assessment.AssesmentOLX" name="navigateToMobileCategory" time="10.494"/>
  <testcase classname="empg_labs.assessment.AssesmentOLX" name="filterListingsByPrice" time="3.349"/>
  <testcase classname="empg_labs.assessment.AssesmentOLX" name="validateResultsInPriceRange" time="0.258"/>
  <testcase classname="empg_labs.assessment.AssesmentOLX" name="validateResultsAreFromMobileCategory" time="5.216"/>
</testsuite> <!-- Default test -->
